<?xml version="1.0" encoding="UTF-8"?>
<!-- Generated by org.testng.reporters.JUnitReportReporter -->
<testsuite hostname="DESKTOP-773JB5A" failures="0" tests="1" name="SStestClass.ErrorUserId" time="1.859" errors="0" timestamp="2022-03-29T13:27:05 IST" skipped="0">
  <testcase classname="SStestClass.ErrorUserId" name="validatepasswordErrormsg" time="1.859"/>
  <system-out/>
</testsuite> <!-- SStestClass.ErrorUserId -->
