<?xml version="1.0" encoding="UTF-8"?>
<!-- Generated by org.testng.reporters.JUnitReportReporter -->
<testsuite hostname="DESKTOP-773JB5A" failures="0" tests="1" name="SStestClass.NewTest" time="2.589" errors="0" timestamp="2022-04-01T09:40:26 IST" skipped="0">
  <testcase classname="SStestClass.NewTest" name="idcheck" time="2.589"/>
  <system-out>
    <![CDATA[id is matchingg!!!!
 test succesfull!!!!]]>
  </system-out>
</testsuite> <!-- SStestClass.NewTest -->
