<?xml version="1.0" encoding="UTF-8"?>
<!-- Generated by org.testng.reporters.JUnitReportReporter -->
<testsuite hostname="DESKTOP-773JB5A" failures="0" tests="4" name="TEStNG.MyClass" time="41.986" errors="0" timestamp="2022-03-18T13:58:07 IST" skipped="0">
  <testcase classname="TEStNG.MyClass" name="method2" time="16.062"/>
  <system-out/>
  <testcase classname="TEStNG.MyClass" name="method3" time="10.625"/>
  <system-out/>
  <testcase classname="TEStNG.MyClass" name="method1" time="10.416"/>
  <system-out/>
  <testcase classname="TEStNG.MyClass" name="method4" time="4.883"/>
  <system-out/>
</testsuite> <!-- TEStNG.MyClass -->
