<?xml version="1.0" encoding="UTF-8"?>
<!-- Generated by org.testng.reporters.JUnitReportReporter -->
<testsuite hostname="DESKTOP-773JB5A" failures="0" tests="1" name="TEStNG.Testngasserts" time="3.822" errors="0" timestamp="2022-03-23T13:51:42 IST" skipped="0">
  <testcase classname="TEStNG.Testngasserts" name="method" time="3.822"/>
  <system-out/>
</testsuite> <!-- TEStNG.Testngasserts -->
