<?xml version="1.0" encoding="UTF-8"?>
<!-- Generated by org.testng.reporters.JUnitReportReporter -->
<testsuite hostname="DESKTOP-773JB5A" failures="0" tests="3" name="ZerothaUsingPOM.testng" time="6.656" errors="0" timestamp="2022-03-25T11:15:38 IST" skipped="0">
  <testcase classname="ZerothaUsingPOM.testng" name="loginPage" time="0.548"/>
  <system-out>
    <![CDATA[log in successfull!!!!]]>
  </system-out>
  <testcase classname="ZerothaUsingPOM.testng" name="pinPage" time="5.141"/>
  <system-out>
    <![CDATA[pin added successfull!!!!]]>
  </system-out>
  <testcase classname="ZerothaUsingPOM.testng" name="homepage" time="0.967"/>
  <system-out>
    <![CDATA[log out  successfull!!!!]]>
  </system-out>
</testsuite> <!-- ZerothaUsingPOM.testng -->
