<?xml version="1.0" encoding="UTF-8"?>
<!-- Generated by org.testng.reporters.JUnitReportReporter -->
<testsuite hostname="DESKTOP-773JB5A" failures="0" tests="1" name="SStestClass.Errorpassmsg" time="1.913" errors="0" timestamp="2022-03-31T15:43:04 IST" skipped="0">
  <testcase classname="SStestClass.Errorpassmsg" name="passwordErrormsg" time="1.913"/>
  <system-out>
    <![CDATA[actual and expected result match]]>
  </system-out>
</testsuite> <!-- SStestClass.Errorpassmsg -->
