<?xml version="1.0" encoding="UTF-8"?>
<!-- Generated by org.testng.reporters.JUnitReportReporter -->
<testsuite hostname="DESKTOP-773JB5A" failures="0" tests="2" name="crossBrowserTesting.CT" time="13.778" errors="0" timestamp="2022-03-24T14:59:49 IST" skipped="0">
  <testcase classname="crossBrowserTesting.CT" name="firefox" time="5.144"/>
  <system-out/>
  <testcase classname="crossBrowserTesting.CT" name="firefox" time="8.634"/>
  <system-out/>
</testsuite> <!-- crossBrowserTesting.CT -->
