<?xml version="1.0" encoding="UTF-8"?>
<!-- Generated by org.testng.reporters.JUnitReportReporter -->
<testsuite hostname="DESKTOP-773JB5A" failures="0" tests="1" name="SStestClass.ErrorWhenPassAndIdWrong" time="2.598" errors="0" timestamp="2022-03-29T15:16:32 IST" skipped="0">
  <testcase classname="SStestClass.ErrorWhenPassAndIdWrong" name="passwordErrormsg" time="2.598"/>
  <system-out>
    <![CDATA[Error msg is match]]>
  </system-out>
</testsuite> <!-- SStestClass.ErrorWhenPassAndIdWrong -->
