<?xml version="1.0" encoding="UTF-8"?>
<!-- Generated by org.testng.reporters.JUnitReportReporter -->
<testsuite hostname="DESKTOP-773JB5A" failures="0" tests="4" name="TEStNG.NewTest" time="0.012" errors="0" timestamp="2022-03-18T13:43:00 IST" skipped="0">
  <testcase classname="TEStNG.NewTest" name="method3" time="0.002"/>
  <system-out/>
  <testcase classname="TEStNG.NewTest" name="method4" time="0.002"/>
  <system-out>
    <![CDATA[test case pass]]>
  </system-out>
  <testcase classname="TEStNG.NewTest" name="method1" time="0.008"/>
  <system-out/>
  <testcase classname="TEStNG.NewTest" name="method2" time="0.000"/>
  <system-out/>
</testsuite> <!-- TEStNG.NewTest -->
