<?xml version="1.0" encoding="UTF-8"?>
<!-- Generated by org.testng.reporters.JUnitReportReporter -->
<testsuite hostname="DESKTOP-773JB5A" failures="0" tests="4" name="Testng_keyword.Invocation" time="0.010" errors="0" timestamp="2022-03-23T14:17:50 IST" skipped="0">
  <testcase classname="Testng_keyword.Invocation" name="c" time="0.001"/>
  <system-out>
    <![CDATA[i am c ]]>
  </system-out>
  <testcase classname="Testng_keyword.Invocation" name="a" time="0.007"/>
  <system-out>
    <![CDATA[i am a ]]>
  </system-out>
  <testcase classname="Testng_keyword.Invocation" name="b" time="0.001"/>
  <system-out>
    <![CDATA[i am b ]]>
  </system-out>
  <testcase classname="Testng_keyword.Invocation" name="d" time="0.001"/>
  <system-out>
    <![CDATA[i am d ]]>
  </system-out>
</testsuite> <!-- Testng_keyword.Invocation -->
