<?xml version="1.0" encoding="UTF-8"?>
<!-- Generated by org.testng.reporters.JUnitReportReporter -->
<testsuite hostname="DESKTOP-773JB5A" failures="0" tests="1" name="abstract_study.TestNG1" time="0.007" errors="0" timestamp="2022-03-17T12:03:31 IST" skipped="0">
  <testcase classname="abstract_study.TestNG1" name="my_method" time="0.007"/>
  <system-out/>
</testsuite> <!-- abstract_study.TestNG1 -->
