<?xml version="1.0" encoding="UTF-8"?>
<!-- Generated by org.testng.reporters.JUnitReportReporter -->
<testsuite hostname="DESKTOP-773JB5A" failures="0" tests="1" name="SStestClass.ErrorIdMsg" time="2.297" errors="0" timestamp="2022-03-29T15:17:48 IST" skipped="0">
  <testcase classname="SStestClass.ErrorIdMsg" name="msgOfWrongPass" time="2.297"/>
  <system-out>
    <![CDATA[Error msg match for incorrectpass]]>
  </system-out>
</testsuite> <!-- SStestClass.ErrorIdMsg -->
