<?xml version="1.0" encoding="UTF-8"?>
<!-- Generated by org.testng.reporters.JUnitReportReporter -->
<testsuite hostname="DESKTOP-773JB5A" failures="0" tests="1" name="TEStNG.geckodriver" time="12.353" errors="0" timestamp="2022-03-24T14:33:01 IST" skipped="0">
  <testcase classname="TEStNG.geckodriver" name="f" time="12.353"/>
  <system-out/>
</testsuite> <!-- TEStNG.geckodriver -->
