<?xml version="1.0" encoding="UTF-8"?>
<!-- Generated by org.testng.reporters.JUnitReportReporter -->
<testsuite hostname="DESKTOP-773JB5A" failures="0" tests="3" name="TEStNG.sofyAssert" time="0.015" errors="0" timestamp="2022-03-24T19:09:26 IST" skipped="0">
  <testcase classname="TEStNG.sofyAssert" name="TC3" time="0.001"/>
  <system-out>
    <![CDATA[TC2 is running]]>
  </system-out>
  <testcase classname="TEStNG.sofyAssert" name="TC1" time="0.013"/>
  <system-out>
    <![CDATA[TC1 is running]]>
  </system-out>
  <testcase classname="TEStNG.sofyAssert" name="TC2" time="0.001"/>
  <system-out>
    <![CDATA[TC2 is running]]>
  </system-out>
</testsuite> <!-- TEStNG.sofyAssert -->
